[debug] [2023-10-21T17:45:15.704Z] ----------------------------------------------------------------------
[debug] [2023-10-21T17:45:15.707Z] Command:       C:\Program Files\nodejs\node.exe C:\Users\derek\AppData\Roaming\npm\node_modules\firebase-tools\lib\bin\firebase.js init
[debug] [2023-10-21T17:45:15.708Z] CLI Version:   12.7.0
[debug] [2023-10-21T17:45:15.708Z] Platform:      win32
[debug] [2023-10-21T17:45:15.709Z] Node Version:  v16.17.1
[debug] [2023-10-21T17:45:15.710Z] Time:          Sat Oct 21 2023 18:45:15 GMT+0100 (West Africa Standard Time)
[debug] [2023-10-21T17:45:15.710Z] ----------------------------------------------------------------------
[debug] 
[debug] [2023-10-21T17:45:15.721Z] > command requires scopes: ["email","openid","https://www.googleapis.com/auth/cloudplatformprojects.readonly","https://www.googleapis.com/auth/firebase","https://www.googleapis.com/auth/cloud-platform"]
[debug] [2023-10-21T17:45:15.722Z] > authorizing via signed-in user (derekmiracledavid@gmail.com)
[info] 
     ######## #### ########  ######## ########     ###     ######  ########
     ##        ##  ##     ## ##       ##     ##  ##   ##  ##       ##
     ######    ##  ########  ######   ########  #########  ######  ######
     ##        ##  ##    ##  ##       ##     ## ##     ##       ## ##
     ##       #### ##     ## ######## ########  ##     ##  ######  ########

You're about to initialize a Firebase project in this directory:

  C:\Users\derek\Documents\dev\idey4u

[info] 
=== Project Setup
[info] 
[info] First, let's associate this project directory with a Firebase project.
[info] You can create multiple project aliases by running firebase use --add, 
[info] but for now we'll just set up a default project.
[info] 
[debug] [2023-10-21T17:45:22.502Z] >>> [apiv2][query] GET https://firebase.googleapis.com/v1beta1/projects pageSize=100
[debug] [2023-10-21T17:45:23.852Z] <<< [apiv2][status] GET https://firebase.googleapis.com/v1beta1/projects 200
[debug] [2023-10-21T17:45:23.853Z] <<< [apiv2][body] GET https://firebase.googleapis.com/v1beta1/projects [omitted]
[info] i  Using project thera-ai (thera ai) 
[info] 
=== Hosting Setup
[info] 
[info] Your public directory is the folder (relative to your project directory) that
[info] will contain Hosting assets to be uploaded with firebase deploy. If you
[info] have a build process for your assets, use your build's output directory.
[info] 
[debug] [2023-10-21T17:46:57.721Z] ----------------------------------------------------------------------
[debug] [2023-10-21T17:46:57.724Z] Command:       C:\Program Files\nodejs\node.exe C:\Users\derek\AppData\Roaming\npm\node_modules\firebase-tools\lib\bin\firebase.js init hosting
[debug] [2023-10-21T17:46:57.724Z] CLI Version:   12.7.0
[debug] [2023-10-21T17:46:57.725Z] Platform:      win32
[debug] [2023-10-21T17:46:57.725Z] Node Version:  v16.17.1
[debug] [2023-10-21T17:46:57.726Z] Time:          Sat Oct 21 2023 18:46:57 GMT+0100 (West Africa Standard Time)
[debug] [2023-10-21T17:46:57.726Z] ----------------------------------------------------------------------
[debug] 
[debug] [2023-10-21T17:46:57.736Z] > command requires scopes: ["email","openid","https://www.googleapis.com/auth/cloudplatformprojects.readonly","https://www.googleapis.com/auth/firebase","https://www.googleapis.com/auth/cloud-platform"]
[debug] [2023-10-21T17:46:57.737Z] > authorizing via signed-in user (derekmiracledavid@gmail.com)
[info] 
     ######## #### ########  ######## ########     ###     ######  ########
     ##        ##  ##     ## ##       ##     ##  ##   ##  ##       ##
     ######    ##  ########  ######   ########  #########  ######  ######
     ##        ##  ##    ##  ##       ##     ## ##     ##       ## ##
     ##       #### ##     ## ######## ########  ##     ##  ######  ########

You're about to initialize a Firebase project in this directory:

  C:\Users\derek\Documents\dev\idey4u

[info] 
=== Project Setup
[info] 
[info] First, let's associate this project directory with a Firebase project.
[info] You can create multiple project aliases by running firebase use --add, 
[info] but for now we'll just set up a default project.
[info] 
[debug] [2023-10-21T17:47:10.577Z] >>> [apiv2][query] GET https://firebase.googleapis.com/v1beta1/projects pageSize=100
[debug] [2023-10-21T17:47:12.227Z] <<< [apiv2][status] GET https://firebase.googleapis.com/v1beta1/projects 200
[debug] [2023-10-21T17:47:12.228Z] <<< [apiv2][body] GET https://firebase.googleapis.com/v1beta1/projects [omitted]
[info] i  Using project thera-ai (thera ai) 
[info] 
=== Hosting Setup
[info] 
[info] Your public directory is the folder (relative to your project directory) that
[info] will contain Hosting assets to be uploaded with firebase deploy. If you
[info] have a build process for your assets, use your build's output directory.
[info] 
